<!DOCTYPE html PUBLIC "-//W3C//DTD XHTML 1.1//EN" "https://www.w3.org/TR/xhtml11/DTD/xhtml11.dtd">
<html xmlns="https://www.w3.org/1999/xhtml">
<head>
<meta http-equiv="content-type" content="text/html; charset=UTF-8"/>
<title>TestNG Report</title>
<style type="text/css">table {margin-bottom:10px;border-collapse:collapse;empty-cells:show}th,td {border:1px solid #009;padding:.25em .5em}th {vertical-align:bottom}td {vertical-align:top}table a {font-weight:bold}.stripe td {background-color: #E6EBF9}.num {text-align:right}.passedodd td {background-color: #3F3}.passedeven td {background-color: #0A0}.skippedodd td {background-color: #DDD}.skippedeven td {background-color: #CCC}.failedodd td,.attn {background-color: #F33}.failedeven td,.stripe .attn {background-color: #D00}.stacktrace {white-space:pre;font-family:monospace}.totop {font-size:85%;text-align:center;border-bottom:2px solid #000}.invisible {display:none}</style>
</head>
<body>
<table>
<tr><th>Test</th><th># Passed</th><th># Skipped</th><th># Retried</th><th># Failed</th><th>Time (ms)</th><th>Included Groups</th><th>Excluded Groups</th></tr>
<tr><th colspan="8">ECS Sanity Suite</th></tr>
<tr><td><a href="#t0">Navigate Statement tests</a></td><td class="num">1</td><td class="num">0</td><td class="num">0</td><td class="num">0</td><td class="num">140,033</td><td></td><td></td></tr>
<tr class="stripe"><td><a href="#t1">Navigate Make A Payment tests</a></td><td class="num">1</td><td class="num">0</td><td class="num">0</td><td class="num">0</td><td class="num">145,323</td><td></td><td></td></tr>
<tr><td><a href="#t2">Navigate Auto Pay tests</a></td><td class="num">0</td><td class="num">0</td><td class="num attn">2</td><td class="num attn">1</td><td class="num">267,029</td><td></td><td></td></tr>
<tr><th>Total</th><th class="num">2</th><th class="num">0</th><th class="num attn">2</th><th class="num attn">1</th><th class="num">552,385</th><th colspan="2"></th></tr>
</table>
<table id='summary'><thead><tr><th>Class</th><th>Method</th><th>Start</th><th>Time (ms)</th></tr></thead><tbody><tr><th colspan="4">ECS Sanity Suite</th></tr></tbody><tbody id="t0"><tr><th colspan="4">Navigate Statement tests &#8212; passed</th></tr><tr class="passedeven"><td rowspan="1">tests.web.ECSScripts</td><td><a href="#m0">TC05_navigateToStatementsPage</a></td><td rowspan="1">1755176385079</td><td rowspan="1">89792</td></tr></tbody>
<tbody id="t1"><tr><th colspan="4">Navigate Make A Payment tests &#8212; passed</th></tr><tr class="passedeven"><td rowspan="1">tests.web.ECSScripts</td><td><a href="#m1">TC03_navigateToMakeAPaymentPage</a></td><td rowspan="1">1755176397472</td><td rowspan="1">90269</td></tr></tbody>
<tbody id="t2"><tr><th colspan="4">Navigate Auto Pay tests &#8212; failed</th></tr><tr class="failedeven"><td rowspan="1">tests.web.ECSScripts</td><td><a href="#m2">TC04_navigateToAutoPayPage</a></td><td rowspan="1">1755176541524</td><td rowspan="1">68091</td></tr><tr><th colspan="4">Navigate Auto Pay tests &#8212; retried</th></tr><tr class="retriedeven"><td rowspan="2">tests.web.ECSScripts</td><td><a href="#m3">TC04_navigateToAutoPayPage</a></td><td rowspan="2">1755176380683</td><td rowspan="2">81368</td></tr><tr class="retriedeven"><td><a href="#m4">TC04_navigateToAutoPayPage</a></td></tr></tbody>
</table>
<h2>Navigate Statement tests</h2><h3 id="m0">tests.web.ECSScripts#TC05_navigateToStatementsPage</h3><table class="result"><tr class="param"><th>Parameter #1</th><th>Parameter #2</th></tr><tr class="param stripe"><td>{automationId=TC05_navigateToStatementsPage, password=Password2!, username=liliiatest3082}</td><td>org.testng.TestRunner@209046ff</td></tr></table><p class="totop"><a href="#summary">back to summary</a></p>
<h2>Navigate Make A Payment tests</h2><h3 id="m1">tests.web.ECSScripts#TC03_navigateToMakeAPaymentPage</h3><table class="result"><tr class="param"><th>Parameter #1</th><th>Parameter #2</th></tr><tr class="param stripe"><td>{automationId=TC03_navigateToMakeAPaymentPage, password=Password2!, username=liliiatest3082}</td><td>org.testng.TestRunner@249c31a6</td></tr></table><p class="totop"><a href="#summary">back to summary</a></p>
<h2>Navigate Auto Pay tests</h2><h3 id="m2">tests.web.ECSScripts#TC04_navigateToAutoPayPage</h3><table class="result"><tr class="param"><th>Parameter #1</th></tr><tr class="param stripe"><td>{automationId=TC04_navigateToAutoPayPage, password=Password2!, username=liliiatest3082}</td></tr><tr><th>Exception</th></tr><tr><td><div class="stacktrace">java.lang.AssertionError: Make Payment Page not loaded
	at app.web.ECS.ECSMakePaymentPage.validateMakePaymentPageDisplayed(ECSMakePaymentPage.java:48)
	at tests.web.ECSScripts.TC04_navigateToAutoPayPage(ECSScripts.java:79)
	at java.base/java.util.concurrent.FutureTask.run(FutureTask.java:264)
	at java.base/java.util.concurrent.Executors$RunnableAdapter.call(Executors.java:539)
	at java.base/java.util.concurrent.FutureTask.run(FutureTask.java:264)
	at java.base/java.util.concurrent.ThreadPoolExecutor.runWorker(ThreadPoolExecutor.java:1136)
	at java.base/java.util.concurrent.ThreadPoolExecutor$Worker.run(ThreadPoolExecutor.java:635)
	at java.base/java.lang.Thread.run(Thread.java:833)
... Removed 10 stack frames</div></td></tr></table><p class="totop"><a href="#summary">back to summary</a></p>
<h3 id="m3">tests.web.ECSScripts#TC04_navigateToAutoPayPage</h3><table class="result"><tr class="param"><th>Parameter #1</th></tr><tr class="param stripe"><td>{automationId=TC04_navigateToAutoPayPage, password=Password2!, username=liliiatest3082}</td></tr><tr><th>Exception</th></tr><tr><td><div class="stacktrace">java.lang.AssertionError: Make Payment Page not loaded
	at app.web.ECS.ECSMakePaymentPage.validateMakePaymentPageDisplayed(ECSMakePaymentPage.java:48)
	at tests.web.ECSScripts.TC04_navigateToAutoPayPage(ECSScripts.java:79)
	at java.base/java.util.concurrent.FutureTask.run(FutureTask.java:264)
	at java.base/java.util.concurrent.Executors$RunnableAdapter.call(Executors.java:539)
	at java.base/java.util.concurrent.FutureTask.run(FutureTask.java:264)
	at java.base/java.util.concurrent.ThreadPoolExecutor.runWorker(ThreadPoolExecutor.java:1136)
	at java.base/java.util.concurrent.ThreadPoolExecutor$Worker.run(ThreadPoolExecutor.java:635)
	at java.base/java.lang.Thread.run(Thread.java:833)
... Removed 10 stack frames</div></td></tr></table><p class="totop"><a href="#summary">back to summary</a></p>
<h3 id="m4">tests.web.ECSScripts#TC04_navigateToAutoPayPage</h3><table class="result"><tr class="param"><th>Parameter #1</th></tr><tr class="param stripe"><td>{automationId=TC04_navigateToAutoPayPage, password=Password2!, username=liliiatest3082}</td></tr><tr><th>Exception</th></tr><tr><td><div class="stacktrace">java.lang.AssertionError: Make Payment Page not loaded
	at app.web.ECS.ECSMakePaymentPage.validateMakePaymentPageDisplayed(ECSMakePaymentPage.java:48)
	at tests.web.ECSScripts.TC04_navigateToAutoPayPage(ECSScripts.java:79)
	at java.base/java.util.concurrent.FutureTask.run(FutureTask.java:264)
	at java.base/java.util.concurrent.Executors$RunnableAdapter.call(Executors.java:539)
	at java.base/java.util.concurrent.FutureTask.run(FutureTask.java:264)
	at java.base/java.util.concurrent.ThreadPoolExecutor.runWorker(ThreadPoolExecutor.java:1136)
	at java.base/java.util.concurrent.ThreadPoolExecutor$Worker.run(ThreadPoolExecutor.java:635)
	at java.base/java.lang.Thread.run(Thread.java:833)
... Removed 10 stack frames</div></td></tr></table><p class="totop"><a href="#summary">back to summary</a></p>
</body>
</html>
