<?xml version="1.0" encoding="UTF-8"?>
<testng-results retried="2" ignored="2" total="7" passed="2" failed="1" skipped="0">
  <reporter-output>
  </reporter-output>
  <suite started-at="2025-08-14T18:29:03 IST" name="ECS Sanity Suite" finished-at="2025-08-14T18:33:30 IST" duration-ms="267029">
    <groups>
    </groups>
    <test started-at="2025-08-14T18:29:03 IST" name="Navigate Statement tests" finished-at="2025-08-14T18:31:23 IST" duration-ms="140033">
      <class name="tests.web.ECSScripts">
        <test-method is-config="true" signature="setupReport(java.lang.String)[pri:0, instance:tests.web.ECSScripts@736ac09a]" started-at="2025-08-14T18:29:02 IST" name="setupReport" finished-at="2025-08-14T18:29:03 IST" duration-ms="1236" status="PASS">
          <params>
            <param index="0">
              <value>
                <![CDATA[ECS_TEST]]>
              </value>
            </param>
          </params>
          <reporter-output>
          </reporter-output>
        </test-method> <!-- setupReport -->
        <test-method is-config="true" signature="beforeMethod(java.lang.reflect.Method,org.testng.ITestContext)[pri:0, instance:tests.web.ECSScripts@736ac09a]" started-at="2025-08-14T18:29:04 IST" name="beforeMethod" finished-at="2025-08-14T18:29:45 IST" duration-ms="40382" status="PASS">
          <params>
            <param index="0">
              <value>
                <![CDATA[public void tests.web.ECSScripts.TC05_navigateToStatementsPage(java.util.Map,org.testng.ITestContext)]]>
              </value>
            </param>
            <param index="1">
              <value>
                <![CDATA[org.testng.TestRunner@209046ff]]>
              </value>
            </param>
          </params>
          <reporter-output>
          </reporter-output>
        </test-method> <!-- beforeMethod -->
        <test-method signature="TC05_navigateToStatementsPage(java.util.Map,org.testng.ITestContext)[pri:0, instance:tests.web.ECSScripts@736ac09a]" started-at="2025-08-14T18:29:45 IST" name="TC05_navigateToStatementsPage" description="Verify if user is able to navigate to Auto Pay page" data-provider="commonDataProvider" finished-at="2025-08-14T18:31:14 IST" duration-ms="89792" status="PASS">
          <params>
            <param index="0">
              <value>
                <![CDATA[{automationId=TC05_navigateToStatementsPage, password=Password2!, username=liliiatest3082}]]>
              </value>
            </param>
            <param index="1">
              <value>
                <![CDATA[org.testng.TestRunner@209046ff]]>
              </value>
            </param>
          </params>
          <reporter-output>
          </reporter-output>
        </test-method> <!-- TC05_navigateToStatementsPage -->
        <test-method is-config="true" signature="afterMethod(org.testng.ITestResult,java.lang.reflect.Method,org.testng.ITestContext)[pri:0, instance:tests.web.ECSScripts@736ac09a]" started-at="2025-08-14T18:31:15 IST" name="afterMethod" finished-at="2025-08-14T18:31:23 IST" duration-ms="8216" status="PASS">
          <params>
            <param index="0">
              <value>
                <![CDATA[[TestResult name=TC05_navigateToStatementsPage status=SUCCESS method=ECSScripts.TC05_navigateToStatementsPage(java.util.Map,org.testng.ITestContext)[pri:0, instance:tests.web.ECSScripts@736ac09a] output={null}]]]>
              </value>
            </param>
            <param index="1">
              <value>
                <![CDATA[public void tests.web.ECSScripts.TC05_navigateToStatementsPage(java.util.Map,org.testng.ITestContext)]]>
              </value>
            </param>
            <param index="2">
              <value>
                <![CDATA[org.testng.TestRunner@209046ff]]>
              </value>
            </param>
          </params>
          <reporter-output>
          </reporter-output>
        </test-method> <!-- afterMethod -->
      </class> <!-- tests.web.ECSScripts -->
    </test> <!-- Navigate Statement tests -->
    <test started-at="2025-08-14T18:29:03 IST" name="Navigate Make A Payment tests" finished-at="2025-08-14T18:31:28 IST" duration-ms="145323">
      <class name="tests.web.ECSScripts">
        <test-method is-config="true" signature="beforeMethod(java.lang.reflect.Method,org.testng.ITestContext)[pri:0, instance:tests.web.ECSScripts@d400943]" started-at="2025-08-14T18:29:04 IST" name="beforeMethod" finished-at="2025-08-14T18:29:57 IST" duration-ms="52829" status="PASS">
          <params>
            <param index="0">
              <value>
                <![CDATA[public void tests.web.ECSScripts.TC03_navigateToMakeAPaymentPage(java.util.Map,org.testng.ITestContext)]]>
              </value>
            </param>
            <param index="1">
              <value>
                <![CDATA[org.testng.TestRunner@249c31a6]]>
              </value>
            </param>
          </params>
          <reporter-output>
          </reporter-output>
        </test-method> <!-- beforeMethod -->
        <test-method signature="TC03_navigateToMakeAPaymentPage(java.util.Map,org.testng.ITestContext)[pri:0, instance:tests.web.ECSScripts@d400943]" started-at="2025-08-14T18:29:57 IST" name="TC03_navigateToMakeAPaymentPage" description="Verify if user is able to navigate to Make A Payment page" data-provider="commonDataProvider" finished-at="2025-08-14T18:31:27 IST" duration-ms="90269" status="PASS">
          <params>
            <param index="0">
              <value>
                <![CDATA[{automationId=TC03_navigateToMakeAPaymentPage, password=Password2!, username=liliiatest3082}]]>
              </value>
            </param>
            <param index="1">
              <value>
                <![CDATA[org.testng.TestRunner@249c31a6]]>
              </value>
            </param>
          </params>
          <reporter-output>
          </reporter-output>
        </test-method> <!-- TC03_navigateToMakeAPaymentPage -->
        <test-method is-config="true" signature="afterMethod(org.testng.ITestResult,java.lang.reflect.Method,org.testng.ITestContext)[pri:0, instance:tests.web.ECSScripts@d400943]" started-at="2025-08-14T18:31:27 IST" name="afterMethod" finished-at="2025-08-14T18:31:28 IST" duration-ms="886" status="PASS">
          <params>
            <param index="0">
              <value>
                <![CDATA[[TestResult name=TC03_navigateToMakeAPaymentPage status=SUCCESS method=ECSScripts.TC03_navigateToMakeAPaymentPage(java.util.Map,org.testng.ITestContext)[pri:0, instance:tests.web.ECSScripts@d400943] output={null}]]]>
              </value>
            </param>
            <param index="1">
              <value>
                <![CDATA[public void tests.web.ECSScripts.TC03_navigateToMakeAPaymentPage(java.util.Map,org.testng.ITestContext)]]>
              </value>
            </param>
            <param index="2">
              <value>
                <![CDATA[org.testng.TestRunner@249c31a6]]>
              </value>
            </param>
          </params>
          <reporter-output>
          </reporter-output>
        </test-method> <!-- afterMethod -->
      </class> <!-- tests.web.ECSScripts -->
    </test> <!-- Navigate Make A Payment tests -->
    <test started-at="2025-08-14T18:29:03 IST" name="Navigate Auto Pay tests" finished-at="2025-08-14T18:33:30 IST" duration-ms="267029">
      <class name="tests.web.ECSScripts">
        <test-method is-config="true" signature="beforeMethod(java.lang.reflect.Method,org.testng.ITestContext)[pri:0, instance:tests.web.ECSScripts@17ca8b92]" started-at="2025-08-14T18:29:04 IST" name="beforeMethod" finished-at="2025-08-14T18:29:37 IST" duration-ms="33361" status="PASS">
          <params>
            <param index="0">
              <value>
                <![CDATA[public void tests.web.ECSScripts.TC04_navigateToAutoPayPage(java.util.Map)]]>
              </value>
            </param>
            <param index="1">
              <value>
                <![CDATA[org.testng.TestRunner@503df2d0]]>
              </value>
            </param>
          </params>
          <reporter-output>
          </reporter-output>
        </test-method> <!-- beforeMethod -->
        <test-method retried="true" signature="TC04_navigateToAutoPayPage(java.util.Map)[pri:0, instance:tests.web.ECSScripts@17ca8b92]" started-at="2025-08-14T18:29:40 IST" name="TC04_navigateToAutoPayPage" description="Verify if user is able to navigate to Auto Pay page" data-provider="commonDataProvider" finished-at="2025-08-14T18:31:02 IST" duration-ms="81368" status="SKIP">
          <params>
            <param index="0">
              <value>
                <![CDATA[{automationId=TC04_navigateToAutoPayPage, password=Password2!, username=liliiatest3082}]]>
              </value>
            </param>
          </params>
          <exception class="java.lang.AssertionError">
            <message>
              <![CDATA[Make Payment Page not loaded]]>
            </message>
            <full-stacktrace>
              <![CDATA[java.lang.AssertionError: Make Payment Page not loaded
at org.testng.Assert.fail(Assert.java:111)
at app.web.ECS.ECSMakePaymentPage.validateMakePaymentPageDisplayed(ECSMakePaymentPage.java:48)
at tests.web.ECSScripts.TC04_navigateToAutoPayPage(ECSScripts.java:79)
at java.base/jdk.internal.reflect.NativeMethodAccessorImpl.invoke0(Native Method)
at java.base/jdk.internal.reflect.NativeMethodAccessorImpl.invoke(NativeMethodAccessorImpl.java:77)
at java.base/jdk.internal.reflect.DelegatingMethodAccessorImpl.invoke(DelegatingMethodAccessorImpl.java:43)
at java.base/java.lang.reflect.Method.invoke(Method.java:568)
at org.testng.internal.invokers.MethodInvocationHelper.invokeMethod(MethodInvocationHelper.java:139)
at org.testng.internal.invokers.TestInvoker.invokeMethod(TestInvoker.java:664)
at org.testng.internal.invokers.TestInvoker.invokeTestMethod(TestInvoker.java:227)
at org.testng.internal.invokers.TestMethodWithDataProviderMethodWorker.call(TestMethodWithDataProviderMethodWorker.java:80)
at org.testng.internal.invokers.TestMethodWithDataProviderMethodWorker.call(TestMethodWithDataProviderMethodWorker.java:17)
at java.base/java.util.concurrent.FutureTask.run(FutureTask.java:264)
at java.base/java.util.concurrent.Executors$RunnableAdapter.call(Executors.java:539)
at java.base/java.util.concurrent.FutureTask.run(FutureTask.java:264)
at java.base/java.util.concurrent.ThreadPoolExecutor.runWorker(ThreadPoolExecutor.java:1136)
at java.base/java.util.concurrent.ThreadPoolExecutor$Worker.run(ThreadPoolExecutor.java:635)
at java.base/java.lang.Thread.run(Thread.java:833)
]]>
            </full-stacktrace>
          </exception> <!-- java.lang.AssertionError -->
          <reporter-output>
          </reporter-output>
        </test-method> <!-- TC04_navigateToAutoPayPage -->
        <test-method is-config="true" signature="afterMethod(org.testng.ITestResult,java.lang.reflect.Method,org.testng.ITestContext)[pri:0, instance:tests.web.ECSScripts@17ca8b92]" started-at="2025-08-14T18:31:02 IST" name="afterMethod" finished-at="2025-08-14T18:31:02 IST" duration-ms="571" status="PASS">
          <params>
            <param index="0">
              <value>
                <![CDATA[[TestResult name=TC04_navigateToAutoPayPage status=SKIP method=ECSScripts.TC04_navigateToAutoPayPage(java.util.Map)[pri:0, instance:tests.web.ECSScripts@17ca8b92] output={null}]]]>
              </value>
            </param>
            <param index="1">
              <value>
                <![CDATA[public void tests.web.ECSScripts.TC04_navigateToAutoPayPage(java.util.Map)]]>
              </value>
            </param>
            <param index="2">
              <value>
                <![CDATA[org.testng.TestRunner@503df2d0]]>
              </value>
            </param>
          </params>
          <reporter-output>
          </reporter-output>
        </test-method> <!-- afterMethod -->
        <test-method is-config="true" signature="beforeMethod(java.lang.reflect.Method,org.testng.ITestContext)[pri:0, instance:tests.web.ECSScripts@17ca8b92]" started-at="2025-08-14T18:31:02 IST" name="beforeMethod" finished-at="2025-08-14T18:31:07 IST" duration-ms="4810" status="PASS">
          <params>
            <param index="0">
              <value>
                <![CDATA[public void tests.web.ECSScripts.TC04_navigateToAutoPayPage(java.util.Map)]]>
              </value>
            </param>
            <param index="1">
              <value>
                <![CDATA[org.testng.TestRunner@503df2d0]]>
              </value>
            </param>
          </params>
          <reporter-output>
          </reporter-output>
        </test-method> <!-- beforeMethod -->
        <test-method retried="true" signature="TC04_navigateToAutoPayPage(java.util.Map)[pri:0, instance:tests.web.ECSScripts@17ca8b92]" started-at="2025-08-14T18:31:07 IST" name="TC04_navigateToAutoPayPage" description="Verify if user is able to navigate to Auto Pay page" data-provider="commonDataProvider" finished-at="2025-08-14T18:32:15 IST" duration-ms="68205" status="SKIP">
          <params>
            <param index="0">
              <value>
                <![CDATA[{automationId=TC04_navigateToAutoPayPage, password=Password2!, username=liliiatest3082}]]>
              </value>
            </param>
          </params>
          <exception class="java.lang.AssertionError">
            <message>
              <![CDATA[Make Payment Page not loaded]]>
            </message>
            <full-stacktrace>
              <![CDATA[java.lang.AssertionError: Make Payment Page not loaded
at org.testng.Assert.fail(Assert.java:111)
at app.web.ECS.ECSMakePaymentPage.validateMakePaymentPageDisplayed(ECSMakePaymentPage.java:48)
at tests.web.ECSScripts.TC04_navigateToAutoPayPage(ECSScripts.java:79)
at java.base/jdk.internal.reflect.NativeMethodAccessorImpl.invoke0(Native Method)
at java.base/jdk.internal.reflect.NativeMethodAccessorImpl.invoke(NativeMethodAccessorImpl.java:77)
at java.base/jdk.internal.reflect.DelegatingMethodAccessorImpl.invoke(DelegatingMethodAccessorImpl.java:43)
at java.base/java.lang.reflect.Method.invoke(Method.java:568)
at org.testng.internal.invokers.MethodInvocationHelper.invokeMethod(MethodInvocationHelper.java:139)
at org.testng.internal.invokers.TestInvoker.invokeMethod(TestInvoker.java:664)
at org.testng.internal.invokers.TestInvoker.retryFailed(TestInvoker.java:248)
at org.testng.internal.invokers.TestMethodWithDataProviderMethodWorker.call(TestMethodWithDataProviderMethodWorker.java:103)
at org.testng.internal.invokers.TestMethodWithDataProviderMethodWorker.call(TestMethodWithDataProviderMethodWorker.java:17)
at java.base/java.util.concurrent.FutureTask.run(FutureTask.java:264)
at java.base/java.util.concurrent.Executors$RunnableAdapter.call(Executors.java:539)
at java.base/java.util.concurrent.FutureTask.run(FutureTask.java:264)
at java.base/java.util.concurrent.ThreadPoolExecutor.runWorker(ThreadPoolExecutor.java:1136)
at java.base/java.util.concurrent.ThreadPoolExecutor$Worker.run(ThreadPoolExecutor.java:635)
at java.base/java.lang.Thread.run(Thread.java:833)
]]>
            </full-stacktrace>
          </exception> <!-- java.lang.AssertionError -->
          <reporter-output>
          </reporter-output>
        </test-method> <!-- TC04_navigateToAutoPayPage -->
        <test-method is-config="true" signature="afterMethod(org.testng.ITestResult,java.lang.reflect.Method,org.testng.ITestContext)[pri:0, instance:tests.web.ECSScripts@17ca8b92]" started-at="2025-08-14T18:32:15 IST" name="afterMethod" finished-at="2025-08-14T18:32:16 IST" duration-ms="507" status="PASS">
          <params>
            <param index="0">
              <value>
                <![CDATA[[TestResult name=TC04_navigateToAutoPayPage status=SKIP method=ECSScripts.TC04_navigateToAutoPayPage(java.util.Map)[pri:0, instance:tests.web.ECSScripts@17ca8b92] output={null}]]]>
              </value>
            </param>
            <param index="1">
              <value>
                <![CDATA[public void tests.web.ECSScripts.TC04_navigateToAutoPayPage(java.util.Map)]]>
              </value>
            </param>
            <param index="2">
              <value>
                <![CDATA[org.testng.TestRunner@503df2d0]]>
              </value>
            </param>
          </params>
          <reporter-output>
          </reporter-output>
        </test-method> <!-- afterMethod -->
        <test-method is-config="true" signature="beforeMethod(java.lang.reflect.Method,org.testng.ITestContext)[pri:0, instance:tests.web.ECSScripts@17ca8b92]" started-at="2025-08-14T18:32:16 IST" name="beforeMethod" finished-at="2025-08-14T18:32:21 IST" duration-ms="5304" status="PASS">
          <params>
            <param index="0">
              <value>
                <![CDATA[public void tests.web.ECSScripts.TC04_navigateToAutoPayPage(java.util.Map)]]>
              </value>
            </param>
            <param index="1">
              <value>
                <![CDATA[org.testng.TestRunner@503df2d0]]>
              </value>
            </param>
          </params>
          <reporter-output>
          </reporter-output>
        </test-method> <!-- beforeMethod -->
        <test-method signature="TC04_navigateToAutoPayPage(java.util.Map)[pri:0, instance:tests.web.ECSScripts@17ca8b92]" started-at="2025-08-14T18:32:21 IST" name="TC04_navigateToAutoPayPage" description="Verify if user is able to navigate to Auto Pay page" data-provider="commonDataProvider" finished-at="2025-08-14T18:33:29 IST" duration-ms="68091" status="FAIL">
          <params>
            <param index="0">
              <value>
                <![CDATA[{automationId=TC04_navigateToAutoPayPage, password=Password2!, username=liliiatest3082}]]>
              </value>
            </param>
          </params>
          <exception class="java.lang.AssertionError">
            <message>
              <![CDATA[Make Payment Page not loaded]]>
            </message>
            <full-stacktrace>
              <![CDATA[java.lang.AssertionError: Make Payment Page not loaded
at org.testng.Assert.fail(Assert.java:111)
at app.web.ECS.ECSMakePaymentPage.validateMakePaymentPageDisplayed(ECSMakePaymentPage.java:48)
at tests.web.ECSScripts.TC04_navigateToAutoPayPage(ECSScripts.java:79)
at java.base/jdk.internal.reflect.NativeMethodAccessorImpl.invoke0(Native Method)
at java.base/jdk.internal.reflect.NativeMethodAccessorImpl.invoke(NativeMethodAccessorImpl.java:77)
at java.base/jdk.internal.reflect.DelegatingMethodAccessorImpl.invoke(DelegatingMethodAccessorImpl.java:43)
at java.base/java.lang.reflect.Method.invoke(Method.java:568)
at org.testng.internal.invokers.MethodInvocationHelper.invokeMethod(MethodInvocationHelper.java:139)
at org.testng.internal.invokers.TestInvoker.invokeMethod(TestInvoker.java:664)
at org.testng.internal.invokers.TestInvoker.retryFailed(TestInvoker.java:248)
at org.testng.internal.invokers.TestMethodWithDataProviderMethodWorker.call(TestMethodWithDataProviderMethodWorker.java:103)
at org.testng.internal.invokers.TestMethodWithDataProviderMethodWorker.call(TestMethodWithDataProviderMethodWorker.java:17)
at java.base/java.util.concurrent.FutureTask.run(FutureTask.java:264)
at java.base/java.util.concurrent.Executors$RunnableAdapter.call(Executors.java:539)
at java.base/java.util.concurrent.FutureTask.run(FutureTask.java:264)
at java.base/java.util.concurrent.ThreadPoolExecutor.runWorker(ThreadPoolExecutor.java:1136)
at java.base/java.util.concurrent.ThreadPoolExecutor$Worker.run(ThreadPoolExecutor.java:635)
at java.base/java.lang.Thread.run(Thread.java:833)
]]>
            </full-stacktrace>
          </exception> <!-- java.lang.AssertionError -->
          <reporter-output>
          </reporter-output>
        </test-method> <!-- TC04_navigateToAutoPayPage -->
        <test-method is-config="true" signature="afterMethod(org.testng.ITestResult,java.lang.reflect.Method,org.testng.ITestContext)[pri:0, instance:tests.web.ECSScripts@17ca8b92]" started-at="2025-08-14T18:33:29 IST" name="afterMethod" finished-at="2025-08-14T18:33:30 IST" duration-ms="495" status="PASS">
          <params>
            <param index="0">
              <value>
                <![CDATA[[TestResult name=TC04_navigateToAutoPayPage status=FAILURE method=ECSScripts.TC04_navigateToAutoPayPage(java.util.Map)[pri:0, instance:tests.web.ECSScripts@17ca8b92] output={null}]]]>
              </value>
            </param>
            <param index="1">
              <value>
                <![CDATA[public void tests.web.ECSScripts.TC04_navigateToAutoPayPage(java.util.Map)]]>
              </value>
            </param>
            <param index="2">
              <value>
                <![CDATA[org.testng.TestRunner@503df2d0]]>
              </value>
            </param>
          </params>
          <reporter-output>
          </reporter-output>
        </test-method> <!-- afterMethod -->
      </class> <!-- tests.web.ECSScripts -->
    </test> <!-- Navigate Auto Pay tests -->
  </suite> <!-- ECS Sanity Suite -->
</testng-results>
