<?xml version="1.0" encoding="UTF-8"?>
<!-- Generated by org.testng.reporters.JUnitXMLReporter -->
<testsuite ignored="4" hostname="ZSCHN01LP0407" failures="1" tests="3" name="Navigate Auto Pay tests" time="267.029" errors="0" timestamp="2025-08-14T18:33:30 IST">
  <testcase classname="tests.web.ECSScripts" name="TC04_navigateToAutoPayPage" time="81.368">
    <skipped/>
  </testcase> <!-- TC04_navigateToAutoPayPage -->
  <testcase classname="tests.web.ECSScripts" name="TC04_navigateToAutoPayPage" time="68.205">
    <skipped/>
  </testcase> <!-- TC04_navigateToAutoPayPage -->
  <testcase classname="tests.web.ECSScripts" name="TC04_navigateToAutoPayPage" time="68.091">
    <failure type="java.lang.AssertionError" message="Make Payment Page not loaded">
      <![CDATA[java.lang.AssertionError: Make Payment Page not loaded
at app.web.ECS.ECSMakePaymentPage.validateMakePaymentPageDisplayed(ECSMakePaymentPage.java:48)
at tests.web.ECSScripts.TC04_navigateToAutoPayPage(ECSScripts.java:79)
at java.base/java.util.concurrent.FutureTask.run(FutureTask.java:264)
at java.base/java.util.concurrent.Executors$RunnableAdapter.call(Executors.java:539)
at java.base/java.util.concurrent.FutureTask.run(FutureTask.java:264)
at java.base/java.util.concurrent.ThreadPoolExecutor.runWorker(ThreadPoolExecutor.java:1136)
at java.base/java.util.concurrent.ThreadPoolExecutor$Worker.run(ThreadPoolExecutor.java:635)
at java.base/java.lang.Thread.run(Thread.java:833)
... Removed 10 stack frames]]>
    </failure>
  </testcase> <!-- TC04_navigateToAutoPayPage -->
  <testcase classname="tests.web.ECSScripts" name="TC03_navigateToMakeAPaymentPage" time="0.0">
    <ignored/>
  </testcase> <!-- TC03_navigateToMakeAPaymentPage -->
  <testcase classname="tests.web.ECSScripts" name="TC01_logInToECSWithValidID" time="0.0">
    <ignored/>
  </testcase> <!-- TC01_logInToECSWithValidID -->
  <testcase classname="tests.web.ECSScripts" name="TC05_navigateToStatementsPage" time="0.0">
    <ignored/>
  </testcase> <!-- TC05_navigateToStatementsPage -->
  <testcase classname="tests.web.ECSScripts" name="TC02_logInToECSWithInvalidID" time="0.0">
    <ignored/>
  </testcase> <!-- TC02_logInToECSWithInvalidID -->
</testsuite> <!-- Navigate Auto Pay tests -->
